<?xml version="1.0" encoding="UTF-8"?>
<testng-results ignored="0" total="1" passed="1" failed="0" skipped="0">
  <reporter-output>
  </reporter-output>
  <suite started-at="2024-11-29T18:10:22 IST" name="Default suite" finished-at="2024-11-29T18:10:26 IST" duration-ms="4474">
    <groups>
    </groups>
    <test started-at="2024-11-29T18:10:22 IST" name="Default test" finished-at="2024-11-29T18:10:26 IST" duration-ms="4474">
      <class name="specbuilder.RunnerClassPojo">
        <test-method signature="create()[pri:0, instance:specbuilder.RunnerClassPojo@4d02f94e]" started-at="2024-11-29T18:10:22 IST" name="create" finished-at="2024-11-29T18:10:26 IST" duration-ms="4426" status="PASS">
          <reporter-output>
          </reporter-output>
        </test-method> <!-- create -->
      </class> <!-- specbuilder.RunnerClassPojo -->
    </test> <!-- Default test -->
  </suite> <!-- Default suite -->
</testng-results>
